<?xml version="1.0" encoding="UTF-8" ?>
<testsuite tests="37" failures="0" name="gov.nih.nci.TestSuiteB2" time="9,524.286" errors="0" skipped="0">
  <properties>
[...]
</properties>
  <testcase classname="gov.nih.nci.TestSuiteB2" name="Test15VerifyPublicationContainsSearchbyPublicationTitle" time="318.2"/>
  <testcase classname="gov.nih.nci.TestSuiteB2" name="Test33verifyPublicationSearchByFunction_2" time="320.662"/>
  <testcase classname="gov.nih.nci.TestSuiteB2" name="Test14verifyPublicationSearchByDigitalObjectID" time="318.612"/>
  <testcase classname="gov.nih.nci.TestSuiteB2" name="Test4verifyTheAbilityToResetSampleSearchCriteria" time="19.253"/>
  <testcase classname="gov.nih.nci.TestSuiteB2" name="Test21verifyPublicationSearchByCompositionNanomaterialEntity_2" time="317.593"/>
  <testcase classname="gov.nih.nci.TestSuiteB2" name="Test13verifyPublicationSearchByPubMedID" time="318.245"/>
  <testcase classname="gov.nih.nci.TestSuiteB2" name="Test6verifyThatDataAvailabilityChartOfPublicallyAvailableSampleCanBeViewed" time="72.528"/>
  <testcase classname="gov.nih.nci.TestSuiteB2" name="Test24verifyPublicationSearchByCompositionFunctionalizingEntity_1" time="318.148"/>
  <testcase classname="gov.nih.nci.TestSuiteB2" name="Test22verifyPublicationSearchByCompositionNanomaterialEntity_3" time="318.039"/>
  <testcase classname="gov.nih.nci.TestSuiteB2" name="Test25verifyPublicationSearchByCompositionFunctionalizingEntity_2" time="318.719"/>
  <testcase classname="gov.nih.nci.TestSuiteB2" name="Test11verifyPublicationSearchByPublicationType" time="318.284"/>
  <testcase classname="gov.nih.nci.TestSuiteB2" name="Test10verifyPublicationSearchByKeyword" time="318.382"/>
  <testcase classname="gov.nih.nci.TestSuiteB2" name="Test26verifyPublicationSearchByCompositionFunctionalizingEntity_3" time="318.945"/>
  <testcase classname="gov.nih.nci.TestSuiteB2" name="Test8verifySampleSearchByPublicationPubMedID" time="131.279"/>
  <testcase classname="gov.nih.nci.TestSuiteB2" name="Test27verifyPublicationSearchByCompositionFunctionalizingEntity_4" time="318.484"/>
  <testcase classname="gov.nih.nci.TestSuiteB2" name="Test1SamplesSearchByCharacterization" time="11.231"/>
  <testcase classname="gov.nih.nci.TestSuiteB2" name="Test28verifyPublicationSearchByCompositionFunctionalizingEntity_5" time="318.52"/>
  <testcase classname="gov.nih.nci.TestSuiteB2" name="Test29verifyPublicationSearchByCompositionFunctionalizingEntity_6" time="319.154"/>
  <testcase classname="gov.nih.nci.TestSuiteB2" name="Test9verifySampleSearchByPublicationDOI" time="131.096"/>
  <testcase classname="gov.nih.nci.TestSuiteB2" name="Test36verifyPublicationSearchByFunction_5" time="321.515"/>
  <testcase classname="gov.nih.nci.TestSuiteB2" name="Test23verifyPublicationSearchByCompositionNanomaterialEntity_4" time="318.515"/>
  <testcase classname="gov.nih.nci.TestSuiteB2" name="Test3SamplesSearchBySampleNameAndPOC" time="68.578"/>
  <testcase classname="gov.nih.nci.TestSuiteB2" name="Test34verifyPublicationSearchByFunction_3" time="321.696"/>
  <testcase classname="gov.nih.nci.TestSuiteB2" name="Test16VerifyPublicationEqualsSearchByPublicationTitle" time="318.531"/>
  <testcase classname="gov.nih.nci.TestSuiteB2" name="Test32verifyPublicationSearchByFunction_1" time="321.285"/>
  <testcase classname="gov.nih.nci.TestSuiteB2" name="Test5verifyThatPublicallyAvailableSampleDetailsSummaryCanBeViewed" time="68.409"/>
  <testcase classname="gov.nih.nci.TestSuiteB2" name="Test18verifyPublicationSearchBySampleNameContains" time="318.94"/>
  <testcase classname="gov.nih.nci.TestSuiteB2" name="Test7verifyClickingOnPublicResultsLinkAgainstSampleSearchesFromHomePageReturnsAllPublicallyAvailableSamples" time="64.768"/>
  <testcase classname="gov.nih.nci.TestSuiteB2" name="Test19verifyPublicationSearchBySampleNameEquals" time="318.829"/>
  <testcase classname="gov.nih.nci.TestSuiteB2" name="Test17VerifyPublicationSearchByAuthors" time="318.961"/>
  <testcase classname="gov.nih.nci.TestSuiteB2" name="Test2verifyThatSearchingForNonPublicSampleResultsInNoSearchResultsForPublicUsers" time="11.153"/>
  <testcase classname="gov.nih.nci.TestSuiteB2" name="Test12verifyPublicationSearchByResearchCategory" time="318.086"/>
  <testcase classname="gov.nih.nci.TestSuiteB2" name="Test37verifyPublicationSearchByFunction_6" time="333.946"/>
  <testcase classname="gov.nih.nci.TestSuiteB2" name="Test30verifyPublicationSearchByCompositionFunctionalizingEntity_7" time="317.97"/>
  <testcase classname="gov.nih.nci.TestSuiteB2" name="Test31verifyPublicationSearchByCompositionFunctionalizingEntity_8" time="318.342"/>
  <testcase classname="gov.nih.nci.TestSuiteB2" name="Test35verifyPublicationSearchByFunction_4" time="320.867"/>
  <testcase classname="gov.nih.nci.TestSuiteB2" name="Test20verifyPublicationSearchByCompositionNanomaterialEntity_1" time="318.521"/>
</testsuite>