<?xml version="1.0" encoding="UTF-8" ?>
<testsuite tests="30" failures="0" name="gov.nih.nci.TestSuiteProtocols" time="502.981" errors="0" skipped="0">
  <properties>
[...]
</properties>
  <testcase classname="gov.nih.nci.TestSuiteProtocols" name="Test4invalidPasswordTest" time="3.993"/>
  <testcase classname="gov.nih.nci.TestSuiteProtocols" name="Test29SamplesSearchByNanomaterialEntity" time="7.162"/>
  <testcase classname="gov.nih.nci.TestSuiteProtocols" name="Test7verifyWhatsNewSectionContent_downloadLink" time="14.119"/>
  <testcase classname="gov.nih.nci.TestSuiteProtocols" name="Test9verifyHomePageWelcomeContent" time="5.636"/>
  <testcase classname="gov.nih.nci.TestSuiteProtocols" name="Test25loginSplashScreenTextVerification" time="2.993"/>
  <testcase classname="gov.nih.nci.TestSuiteProtocols" name="Test24verifyAdditionalExternalLinks_InterNano" time="3.069"/>
  <testcase classname="gov.nih.nci.TestSuiteProtocols" name="Test5caseInsensitivePasswordTest" time="3.082"/>
  <testcase classname="gov.nih.nci.TestSuiteProtocols" name="Test3invalidUserNameTest" time="2.922"/>
  <testcase classname="gov.nih.nci.TestSuiteProtocols" name="Test27SamplesContainsSearchBySampleName" time="6.982"/>
  <testcase classname="gov.nih.nci.TestSuiteProtocols" name="Test20verifyAdditionalNCILinks_NanoHubs" time="2.968"/>
  <testcase classname="gov.nih.nci.TestSuiteProtocols" name="Test26verifyUserSessionIsLostWhenBrowserWindowIsClosed" time="3.082"/>
  <testcase classname="gov.nih.nci.TestSuiteProtocols" name="Test2curatorLoginTest" time="3.069"/>
  <testcase classname="gov.nih.nci.TestSuiteProtocols" name="Test18verifyAdditionalNCILinks_NCIHome" time="16.424"/>
  <testcase classname="gov.nih.nci.TestSuiteProtocols" name="Test10verifyOptions_BrowsePublicallyAvailabledata" time="4.174"/>
  <testcase classname="gov.nih.nci.TestSuiteProtocols" name="Test8verifyWhatsNewSectionContent_releaseNotesLink" time="13.562"/>
  <testcase classname="gov.nih.nci.TestSuiteProtocols" name="Test21verifyAdditionalExternalLinks_Disclaimer" time="14.622"/>
  <testcase classname="gov.nih.nci.TestSuiteProtocols" name="Test23verifyAdditionalExternalLinks_NIOSHNIL" time="20.368"/>
  <testcase classname="gov.nih.nci.TestSuiteProtocols" name="Test31SamplesSearchByFunctiontypes" time="67.775"/>
  <testcase classname="gov.nih.nci.TestSuiteProtocols" name="Test32SamplesSearchByCharacterizationType" time="10.977"/>
  <testcase classname="gov.nih.nci.TestSuiteProtocols" name="Test30SamplesSearchByFunctionalizingEntity" time="11.197"/>
  <testcase classname="gov.nih.nci.TestSuiteProtocols" name="Test15verifyContextSensitiveHelpPage" time="23.781"/>
  <testcase classname="gov.nih.nci.TestSuiteProtocols" name="Test13verifyFeatureSectionContent" time="5.597"/>
  <testcase classname="gov.nih.nci.TestSuiteProtocols" name="Test16verifyAdditionalNCILinks_caNanoLabWiki" time="14.649"/>
  <testcase classname="gov.nih.nci.TestSuiteProtocols" name="Test19verifyAdditionalNCILinks_NanotechnologyWorkingGroup" time="15.821"/>
  <testcase classname="gov.nih.nci.TestSuiteProtocols" name="Test28SamplesContainsSearchBySamplePOC" time="7.12"/>
  <testcase classname="gov.nih.nci.TestSuiteProtocols" name="Test1researcherLoginTest" time="2.897"/>
  <testcase classname="gov.nih.nci.TestSuiteProtocols" name="Test17verifyAdditionalNCILinks_NCLHome" time="15.613"/>
  <testcase classname="gov.nih.nci.TestSuiteProtocols" name="Test11verifyOptions_LoginToSubmitData" time="5.501"/>
  <testcase classname="gov.nih.nci.TestSuiteProtocols" name="Test12verifyOptions_RegisterForLoginAccount" time="5.497"/>
  <testcase classname="gov.nih.nci.TestSuiteProtocols" name="Test6verifyBrowseCaNanoLabSectionContent" time="188.329"/>
</testsuite>