<?xml version="1.0" encoding="UTF-8" ?>
<testsuite tests="31" failures="0" name="gov.nih.nci.TestSuiteE" time="150.235" errors="0" skipped="0">
  <properties>
[...]
</properties>
  <testcase classname="gov.nih.nci.TestSuiteE" name="Test16EnsureResearcherUserAbleToAddASampleToTheFavoritesListAndRemoveTheAddedSampleFromMyFavoritesPage" time="6.691"/>
  <testcase classname="gov.nih.nci.TestSuiteE" name="Test12EnsureresearcherUserAbleToAddAPublicationToTheFavoritesListAndViewTheAddedPublicationFromMyFavoritesPage" time="4.923"/>
  <testcase classname="gov.nih.nci.TestSuiteE" name="Test11ensureresearcherUserAbleToAddAProtocolToTheFavoritesListAndViewTheAddedProtocolFromMyFavoritesPage" time="4.827"/>
  <testcase classname="gov.nih.nci.TestSuiteE" name="Test5ensureCuratorUserAbleToAddAProtocolToTheFavoritesListAndRemoveTheAddedProtocolFromMyFavoritesPage" time="4.934"/>
  <testcase classname="gov.nih.nci.TestSuiteE" name="Test8EnsureresearcherUserAbleToAddAProtocolToTheFavoritesList" time="4.026"/>
  <testcase classname="gov.nih.nci.TestSuiteE" name="Test28ensureResearcherUserAbleToSubmitACompositionFileToTheSample" time="5.422"/>
  <testcase classname="gov.nih.nci.TestSuiteE" name="Test6EnsureCuratorUserAbleToAddAPublicationToTheFavoritesListAndRemoveTheAddedPublicationFromMyFavoritesPage" time="4.879"/>
  <testcase classname="gov.nih.nci.TestSuiteE" name="Test4EnsureCuratorUserAbleToAddASampleToTheFavoritesListAndRemoveTheAddedSampleFromMyFavoritesPage" time="4.89"/>
  <testcase classname="gov.nih.nci.TestSuiteE" name="Test31EnsureUserShouldBeAbleToSubmitAPublicationAndAssociateACollaborationGroup" time="4.742"/>
  <testcase classname="gov.nih.nci.TestSuiteE" name="Test24EnsureResearcherUserAbleToSubmitASample" time="4.411"/>
  <testcase classname="gov.nih.nci.TestSuiteE" name="Test2ensureCuratorUserAbleToAddAProtocolToTheFavoritesListAndEditTheAddedProtocolFromMyFavoritesPage" time="4.923"/>
  <testcase classname="gov.nih.nci.TestSuiteE" name="Test19EnsureCuratorUserAbleToSubmitASample" time="5.085"/>
  <testcase classname="gov.nih.nci.TestSuiteE" name="Test14ensureResearcherUserAbleToAddAProtocolToTheFavoritesListAndEditTheAddedProtocolFromMyFavoritesPage" time="4.514"/>
  <testcase classname="gov.nih.nci.TestSuiteE" name="Test27ensureResearcherUserAbleToSubmitAChemicalAssociationToTheSample" time="4.656"/>
  <testcase classname="gov.nih.nci.TestSuiteE" name="Test32EnsureUserShouldBeAbleToSubmitASampleAndAssociateACollaborationGroup" time="4.741"/>
  <testcase classname="gov.nih.nci.TestSuiteE" name="Test7EnsureresearcherUserAbleToAddASampleToTheFavoritesList" time="5.326"/>
  <testcase classname="gov.nih.nci.TestSuiteE" name="Test22ensureCuratorUserAbleToSubmitAFunctionalizingEntityToTheSample" time="5.225"/>
  <testcase classname="gov.nih.nci.TestSuiteE" name="Test21ensureCuratorUserAbleToSubmitANanomaterialEntityToTheSample" time="5.057"/>
  <testcase classname="gov.nih.nci.TestSuiteE" name="Test13EnsureresearcherUserAbleToAddASampleToTheFavoritesListAndEditTheAddedSampleFromMyFavoritesPage" time="5.279"/>
  <testcase classname="gov.nih.nci.TestSuiteE" name="Test25ensureResearcherUserAbleToSubmitANanomaterialEntityToTheSample" time="4.641"/>
  <testcase classname="gov.nih.nci.TestSuiteE" name="Test29EnsureOnlyCuratorUserAbleToAddAGroupsToTheCollaborationGroups" time="4.479"/>
  <testcase classname="gov.nih.nci.TestSuiteE" name="Test30EnsureUserShouldBeAbleToSubmitAProtocolAndAssociateACollaborationGroup" time="4.89"/>
  <testcase classname="gov.nih.nci.TestSuiteE" name="Test17ensureResearcherUserAbleToAddAProtocolToTheFavoritesListAndRemoveTheAddedProtocolFromMyFavoritesPage" time="4.41"/>
  <testcase classname="gov.nih.nci.TestSuiteE" name="Test10EnsureresearcherUserAbleToAddASampleToTheFavoritesListAndViewTheAddedSampleFromMyFavoritesPage" time="4.882"/>
  <testcase classname="gov.nih.nci.TestSuiteE" name="Test3EnsureCuratorUserAbleToAddAPublicationToTheFavoritesListAndEditTheAddedPublicationFromMyFavoritesPage" time="5.243"/>
  <testcase classname="gov.nih.nci.TestSuiteE" name="Test9EnsureresearcherUserAbleToAddAPublicationToTheFavoritesList" time="4.593"/>
  <testcase classname="gov.nih.nci.TestSuiteE" name="Test1EnsureCuratorUserAbleToAddASampleToTheFavoritesListAndEditTheAddedSampleFromMyFavoritesPage" time="4.182"/>
  <testcase classname="gov.nih.nci.TestSuiteE" name="Test23ensureCuratorUserAbleToSubmitAChemicalAssociationToTheSample" time="4.104"/>
  <testcase classname="gov.nih.nci.TestSuiteE" name="Test26ensureResearcherUserAbleToSubmitAFunctionalizingEntityToTheSample" time="5.371"/>
  <testcase classname="gov.nih.nci.TestSuiteE" name="Test15EnsureresearcherUserAbleToAddAPublicationToTheFavoritesListAndEditTheAddedPublicationFromMyFavoritesPage" time="3.975"/>
  <testcase classname="gov.nih.nci.TestSuiteE" name="Test18EnsureResearcherUserAbleToAddAPublicationToTheFavoritesListAndRemoveTheAddedPublicationFromMyFavoritesPage" time="4.914"/>
</testsuite>