<?xml version="1.0" encoding="UTF-8" ?>
<testsuite tests="36" failures="0" name="gov.nih.nci.TestSuiteA" time="387.514" errors="0" skipped="0">
  <properties>
[...]
</properties>
  <testcase classname="gov.nih.nci.TestSuiteA" name="Test4invalidPasswordTest" time="4.231"/>
  <testcase classname="gov.nih.nci.TestSuiteA" name="Test19verifyContextSensitiveHelpPage" time="23.965"/>
  <testcase classname="gov.nih.nci.TestSuiteA" name="Test38AddSampleCharacterizationElement" time="4.888"/>
  <testcase classname="gov.nih.nci.TestSuiteA" name="Test7verifyWhatsNewSectionContent_downloadLink" time="16.55"/>
  <testcase classname="gov.nih.nci.TestSuiteA" name="Test39SamplesContainsSearchBySampleName" time="7.899"/>
  <testcase classname="gov.nih.nci.TestSuiteA" name="Test9verifyHomePageWelcomeContent" time="5.92"/>
  <testcase classname="gov.nih.nci.TestSuiteA" name="Test5caseInsensitivePasswordTest" time="3.337"/>
  <testcase classname="gov.nih.nci.TestSuiteA" name="Test3invalidUserNameTest" time="4.032"/>
  <testcase classname="gov.nih.nci.TestSuiteA" name="Test40SamplesEqualsSearchBySampleName" time="9.206"/>
  <testcase classname="gov.nih.nci.TestSuiteA" name="Test36verifyUserSessionIsLostWhenBrowserWindowIsClosed" time="4.055"/>
  <testcase classname="gov.nih.nci.TestSuiteA" name="Test21verifyAdditionalNCILinks_NCICBIITHome" time="3.932"/>
  <testcase classname="gov.nih.nci.TestSuiteA" name="Test26EditSampleComposition" time="2.959"/>
  <testcase classname="gov.nih.nci.TestSuiteA" name="Test33verifyAdditionalExternalLinks_SAFENANO" time="15.409"/>
  <testcase classname="gov.nih.nci.TestSuiteA" name="Test45SamplesSearchByFunctiontypes" time="69.957"/>
  <testcase classname="gov.nih.nci.TestSuiteA" name="Test20verifyAdditionalNCILinks_caNanoLabWiki" time="2.97"/>
  <testcase classname="gov.nih.nci.TestSuiteA" name="Test2curatorLoginTest" time="3.041"/>
  <testcase classname="gov.nih.nci.TestSuiteA" name="Test44SamplesSearchByFunctionalizingEntity" time="11.264"/>
  <testcase classname="gov.nih.nci.TestSuiteA" name="Test43SamplesSearchByNanomaterialEntity" time="7.02"/>
  <testcase classname="gov.nih.nci.TestSuiteA" name="Test10verifyOptions_BrowsePublicallyAvailabledata" time="4.039"/>
  <testcase classname="gov.nih.nci.TestSuiteA" name="Test37SamplesSearchByKeyword" time="9.225"/>
  <testcase classname="gov.nih.nci.TestSuiteA" name="Test28verifyAdditionalExternalLinks_Disclaimer" time="14.683"/>
  <testcase classname="gov.nih.nci.TestSuiteA" name="Test35loginSplashScreenTextVerification" time="3.001"/>
  <testcase classname="gov.nih.nci.TestSuiteA" name="Test46SamplesSearchByCharacterizationType" time="11.229"/>
  <testcase classname="gov.nih.nci.TestSuiteA" name="Test34verifyAdditionalExternalLinks_eNanoMapper" time="15.724"/>
  <testcase classname="gov.nih.nci.TestSuiteA" name="Test8verifyWhatsNewSectionContent_releaseNotesLink" time="13.693"/>
  <testcase classname="gov.nih.nci.TestSuiteA" name="Test25verifyAdditionalNCILinks_NanotechnologyWorkingGroup" time="15.692"/>
  <testcase classname="gov.nih.nci.TestSuiteA" name="Test30verifyAdditionalExternalLinks_NIOSHNIL" time="2.883"/>
  <testcase classname="gov.nih.nci.TestSuiteA" name="Test24verifyAdditionalNCILinks_NCIHome" time="16.861"/>
  <testcase classname="gov.nih.nci.TestSuiteA" name="Test31verifyAdditionalExternalLinks_InterNano" time="4.961"/>
  <testcase classname="gov.nih.nci.TestSuiteA" name="Test42SamplesEqualsSearchBySamplePOC" time="8.728"/>
  <testcase classname="gov.nih.nci.TestSuiteA" name="Test32verifyAdditionalExternalLinks_nanoHUB" time="2.891"/>
  <testcase classname="gov.nih.nci.TestSuiteA" name="Test41SamplesContainsSearchBySamplePOC" time="6.914"/>
  <testcase classname="gov.nih.nci.TestSuiteA" name="Test1researcherLoginTest" time="2.924"/>
  <testcase classname="gov.nih.nci.TestSuiteA" name="Test11verifyOptions_LoginToSubmitData" time="5.692"/>
  <testcase classname="gov.nih.nci.TestSuiteA" name="Test6verifyBrowseCaNanoLabSectionContent" time="44.86"/>
  <testcase classname="gov.nih.nci.TestSuiteA" name="Test27verifyAdditionalNCILinks_NanoHubs" time="2.879"/>
</testsuite>