<?xml version="1.0" encoding="UTF-8" ?>
<testsuite tests="32" failures="0" name="gov.nih.nci.TestSuiteGeneralTests" time="506.842" errors="0" skipped="0">
  <properties>
[...]
</properties>
  <testcase classname="gov.nih.nci.TestSuiteGeneralTests" name="Test4invalidPasswordTest" time="4.323"/>
  <testcase classname="gov.nih.nci.TestSuiteGeneralTests" name="Test23verifyAdditionalNCILinks_NanoHubs" time="3.002"/>
  <testcase classname="gov.nih.nci.TestSuiteGeneralTests" name="Test25verifyAdditionalExternalLinks_NBI" time="15.466"/>
  <testcase classname="gov.nih.nci.TestSuiteGeneralTests" name="Test26verifyAdditionalExternalLinks_NIOSHNIL" time="16.152"/>
  <testcase classname="gov.nih.nci.TestSuiteGeneralTests" name="Test22verifyAdditionalNCILinks_NanotechnologyWorkingGroup" time="15.959"/>
  <testcase classname="gov.nih.nci.TestSuiteGeneralTests" name="Test8verifyWhatsNewSectionContent_downloadLink" time="14.636"/>
  <testcase classname="gov.nih.nci.TestSuiteGeneralTests" name="Test21verifyAdditionalNCILinks_NCIHome" time="16.814"/>
  <testcase classname="gov.nih.nci.TestSuiteGeneralTests" name="Test5caseInsensitivePasswordTest" time="4.863"/>
  <testcase classname="gov.nih.nci.TestSuiteGeneralTests" name="Test27verifyAdditionalExternalLinks_InterNano" time="5.632"/>
  <testcase classname="gov.nih.nci.TestSuiteGeneralTests" name="Test3invalidUserNameTest" time="5.519"/>
  <testcase classname="gov.nih.nci.TestSuiteGeneralTests" name="Test18verifyAdditionalNCILinks_caNanoLabWiki" time="14.934"/>
  <testcase classname="gov.nih.nci.TestSuiteGeneralTests" name="Test24verifyAdditionalExternalLinks_Disclaimer" time="16.709"/>
  <testcase classname="gov.nih.nci.TestSuiteGeneralTests" name="Test9verifyWhatsNewSectionContent_releaseNotesLink" time="13.561"/>
  <testcase classname="gov.nih.nci.TestSuiteGeneralTests" name="Test2curatorLoginTest" time="2.965"/>
  <testcase classname="gov.nih.nci.TestSuiteGeneralTests" name="Test6researcherLoginTest" time="3.679"/>
  <testcase classname="gov.nih.nci.TestSuiteGeneralTests" name="Test20verifyAdditionalNCILinks_NCLCSNHome" time="16.713"/>
  <testcase classname="gov.nih.nci.TestSuiteGeneralTests" name="Test10verifyUserSessionIsLostWhenBrowserWindowIsClosed" time="3.683"/>
  <testcase classname="gov.nih.nci.TestSuiteGeneralTests" name="Test30verifyAdditionalExternalLinks_eNanoMapper" time="17.907"/>
  <testcase classname="gov.nih.nci.TestSuiteGeneralTests" name="Test29verifyAdditionalExternalLinks_8" time="4.715"/>
  <testcase classname="gov.nih.nci.TestSuiteGeneralTests" name="Test16verifyHelpPage" time="19.582"/>
  <testcase classname="gov.nih.nci.TestSuiteGeneralTests" name="Test15verifyFeatureSectionContent" time="6.573"/>
  <testcase classname="gov.nih.nci.TestSuiteGeneralTests" name="Test11verifyHomePageWelcomeContent" time="5.577"/>
  <testcase classname="gov.nih.nci.TestSuiteGeneralTests" name="Test1verifyBrowseCaNanoLabSectionContent" time="190.008"/>
  <testcase classname="gov.nih.nci.TestSuiteGeneralTests" name="Test7verifycaNanoLabHowToSectionContent" time="5.509"/>
  <testcase classname="gov.nih.nci.TestSuiteGeneralTests" name="Test14verifyOptions_RegisterForLoginAccount" time="5.66"/>
  <testcase classname="gov.nih.nci.TestSuiteGeneralTests" name="Test31verifyAdditionalExternalLinks_NanomaterialRegsitry" time="3.476"/>
  <testcase classname="gov.nih.nci.TestSuiteGeneralTests" name="Test32loginSplashScreenTextVerification" time="4.266"/>
  <testcase classname="gov.nih.nci.TestSuiteGeneralTests" name="Test17verifyContextSensitiveHelpPage" time="26.51"/>
  <testcase classname="gov.nih.nci.TestSuiteGeneralTests" name="Test19verifyAdditionalNCILinks_NCLHome" time="17.83"/>
  <testcase classname="gov.nih.nci.TestSuiteGeneralTests" name="Test28verifyAdditionalExternalLinks_SAFENANO" time="15.011"/>
  <testcase classname="gov.nih.nci.TestSuiteGeneralTests" name="Test13verifyOptions_LoginToSubmitData" time="5.451"/>
  <testcase classname="gov.nih.nci.TestSuiteGeneralTests" name="Test12verifyOptions_BrowsePublicallyAvailabledata" time="4.157"/>
</testsuite>