<?xml version="1.0" encoding="UTF-8" ?>
<testsuite tests="58" failures="0" name="gov.nih.nci.TestSuiteProtocols" time="277.741" errors="0" skipped="0">
  <properties>
[...]
</properties>
  <testcase classname="gov.nih.nci.TestSuiteProtocols" name="Test45EnsureCuratorUserAbleToEditAProtocolFromMyWorkspace" time="6.238"/>
  <testcase classname="gov.nih.nci.TestSuiteProtocols" name="Test13EnsureCuratorUserAbleToResetCompositionCriteriaFromAdvancedSampleSearchPage" time="5.259"/>
  <testcase classname="gov.nih.nci.TestSuiteProtocols" name="Test23EnsureResearcherUserAbleToRemoveCompositionCriteriaFromAdavancedSampleSearchPage" time="6.105"/>
  <testcase classname="gov.nih.nci.TestSuiteProtocols" name="Test38EnsureResearcherUserAbleToDeleteASampleFromMyWorksapce" time="4.733"/>
  <testcase classname="gov.nih.nci.TestSuiteProtocols" name="Test42EnsureResearcherUserAbleToViewASampleFromMyWorksapce" time="4.855"/>
  <testcase classname="gov.nih.nci.TestSuiteProtocols" name="Test57EnsureCuratorUserAbleToAddAProtocolToTheFavoritesListAndViewTheAddedProtocolFromMyFavoritesPage" time="5.344"/>
  <testcase classname="gov.nih.nci.TestSuiteProtocols" name="Test58EnsureCuratorUserAbleToAddAPublicationToTheFavoritesListAndViewTheAddedPublicationFromMyFavoritesPage" time="4.855"/>
  <testcase classname="gov.nih.nci.TestSuiteProtocols" name="Test8CuratorUserShouldBeAbleToAddCompositionCriteriaWithNanomaterialEntityAndBiopolymerAndChemicalNameEqualsFilterToTheAdvancedSampleSearch" time="4.083"/>
  <testcase classname="gov.nih.nci.TestSuiteProtocols" name="Test18ResearcherUserShouldBeAbleToAddCompositionCriteriaWithFunctionalizingEntityAndAntibodyAndChemicalNameContainsFilterToTheAdvancedSampleSearch" time="4.263"/>
  <testcase classname="gov.nih.nci.TestSuiteProtocols" name="Test32EnsureResearcherUserAbleToSearchWithInVitroCharacterizationFiltersFromAdvancedSearchPage" time="4.234"/>
  <testcase classname="gov.nih.nci.TestSuiteProtocols" name="Test3ResearcherUserShouldBeAbleToPefromAdvancedSampleSearchBySampleCriteriaWithPointOfContactNameAndEqualsFilter" time="4.788"/>
  <testcase classname="gov.nih.nci.TestSuiteProtocols" name="Test44EnsureResearcherUserAbleToDeleteAProtocolFromMyWorkspace" time="4.963"/>
  <testcase classname="gov.nih.nci.TestSuiteProtocols" name="Test54EnsureCuratorUserAbleToAddAProtocolToTheFavoritesList" time="4.886"/>
  <testcase classname="gov.nih.nci.TestSuiteProtocols" name="Test15EnsureCuratorUserAbleToEditCompositionCriteriaFromAdavancedSampleSearchPage" time="4.974"/>
  <testcase classname="gov.nih.nci.TestSuiteProtocols" name="Test31EnsureResearcherrUserAbleToSearchWithPhyicoChemicalCharacterizationFiltersFromAdvancedSearchPage" time="4.948"/>
  <testcase classname="gov.nih.nci.TestSuiteProtocols" name="Test27EnsureCuratorUserAbleToSearchWithInVivoCharacterizationFiltersFromAdvancedSearchPage" time="4.461"/>
  <testcase classname="gov.nih.nci.TestSuiteProtocols" name="Test25EnsureCuratorUserAbleToSearchWithPhyicoChemicalCharacterizationFiltersFromAdvancedSearchPage" time="5.291"/>
  <testcase classname="gov.nih.nci.TestSuiteProtocols" name="Test10CuratorUserShouldBeAbleToAddCompositionCriteriaWithFunctionalizingEntityAndAntibodyAndChemicalNameEqualsFilterToTheAdvancedSampleSearch" time="5.226"/>
  <testcase classname="gov.nih.nci.TestSuiteProtocols" name="Test9CuratorUserShouldBeAbleToAddCompositionCriteriaWithFunctionalizingEntityAndAntibodyAndChemicalNameContainsFilterToTheAdvancedSampleSearch" time="4.926"/>
  <testcase classname="gov.nih.nci.TestSuiteProtocols" name="Test35EnsureResearcherUserAbleToRemoveCharacterizationAdvancedSearchQuery" time="4.954"/>
  <testcase classname="gov.nih.nci.TestSuiteProtocols" name="Test20ResearcherUserShouldBeAbleToAddCompositionCriteriaWithFunctionAndImagingFunctionFilterToTheAdvancedSampleSearch" time="4.95"/>
  <testcase classname="gov.nih.nci.TestSuiteProtocols" name="Test40EnsureResearcherUserAbleToEditASampleFromMyWorksapce" time="4.567"/>
  <testcase classname="gov.nih.nci.TestSuiteProtocols" name="Test5EnsureResearcherUserAbleToRemoveSampleCriteriaFromAdvancedSampleSearchPage" time="5.014"/>
  <testcase classname="gov.nih.nci.TestSuiteProtocols" name="Test19ResearcherUserShouldBeAbleToAddCompositionCriteriaWithFunctionalizingEntityAndAntibodyAndChemicalNameEqualsFilterToTheAdvancedSampleSearch" time="5.036"/>
  <testcase classname="gov.nih.nci.TestSuiteProtocols" name="Test52EnsureResearcherUserAbleToEditAPublicationFromMyWorkspace" time="5.114"/>
  <testcase classname="gov.nih.nci.TestSuiteProtocols" name="Test30EnsureCuratorUserAbleToResetCharacterizationAdvancedSearchQuery" time="4.323"/>
  <testcase classname="gov.nih.nci.TestSuiteProtocols" name="Test14EnsureCuratorUserAbleToRemoveCompositionCriteriaFromAdavancedSampleSearchPage" time="4.592"/>
  <testcase classname="gov.nih.nci.TestSuiteProtocols" name="Test29EnsureCuratorUserAbleToRemoveCharacterizationAdvancedSearchQuery" time="5.107"/>
  <testcase classname="gov.nih.nci.TestSuiteProtocols" name="Test39EnsureCuratorUserAbleToEditASampleFromMyWorksapce" time="4.963"/>
  <testcase classname="gov.nih.nci.TestSuiteProtocols" name="Test43EnsureCuratorUserAbleToDeleteAProtocolFromMyWorkspace" time="4.297"/>
  <testcase classname="gov.nih.nci.TestSuiteProtocols" name="Test36EnsureResearcherUserAbleToResetCharacterizationAdvancedSearchQuery" time="4.946"/>
  <testcase classname="gov.nih.nci.TestSuiteProtocols" name="Test34EnsureResearcherUserAbleToEditCharacterizationAdvnacedSearchQuery" time="4"/>
  <testcase classname="gov.nih.nci.TestSuiteProtocols" name="Test16ResearcherUserShouldBeAbleToAddCompositionCriteriaWithNanomaterialEntityAndBiopolymerAndChemicalNameContainsFilterToTheAdvancedSampleSearch" time="4.929"/>
  <testcase classname="gov.nih.nci.TestSuiteProtocols" name="Test50EnsureResearcherUserAbleToDeleteAPublicationFromMyWorkspace" time="3.958"/>
  <testcase classname="gov.nih.nci.TestSuiteProtocols" name="Test24EnsureResearcherUserAbleToEditCompositionCriteriaFromAdavancedSampleSearchPage" time="4.986"/>
  <testcase classname="gov.nih.nci.TestSuiteProtocols" name="Test37EnsureCuratorUserAbleToDeleteASampleFromMyWorksapce" time="3.871"/>
  <testcase classname="gov.nih.nci.TestSuiteProtocols" name="Test49EnsureCuratorUserAbleToDeleteAPublicationFromMyWorkspace" time="5.209"/>
  <testcase classname="gov.nih.nci.TestSuiteProtocols" name="Test56EnsureCuratorUserAbleToAddASampleToTheFavoritesListAndViewTheAddedSampleFromMyFavoritesPage" time="5.165"/>
  <testcase classname="gov.nih.nci.TestSuiteProtocols" name="Test51EnsureCuratorUserAbleToEditAPublicationFromMyWorkspace" time="4.01"/>
  <testcase classname="gov.nih.nci.TestSuiteProtocols" name="Test2ResearcherUserShouldBeAbleToPefromAdvancedSampleSearchBySampleCriteriaWithPointOfContactNameAndContainsFilter" time="4.091"/>
  <testcase classname="gov.nih.nci.TestSuiteProtocols" name="Test4EnsureResearcherUserAbleToResetSampleCriteriaFromAdavancedSampleSearchPage" time="4.446"/>
  <testcase classname="gov.nih.nci.TestSuiteProtocols" name="Test1ResearcherUserShouldBeAbleToAddSampleCriteriaWithSampleNameAndEqualsFilterToTheAdvancedSampleSearch" time="5.101"/>
  <testcase classname="gov.nih.nci.TestSuiteProtocols" name="Test41EnsureCuratorUserAbleToViewASampleFromMyWorksapce" time="2.929"/>
  <testcase classname="gov.nih.nci.TestSuiteProtocols" name="Test26EnsureCuratorUserAbleToSearchWithInVitroCharacterizationFiltersFromAdvancedSearchPage" time="2.963"/>
  <testcase classname="gov.nih.nci.TestSuiteProtocols" name="Test21ResearcherUserShouldBeAbleToAddCompositionCriteriaWithFunctionAndTargetingFunctionFilterToTheAdvancedSampleSearch" time="4.41"/>
  <testcase classname="gov.nih.nci.TestSuiteProtocols" name="Test6EnsureResearcherUserAbleToEditSampleCriteriaFromAdvancedSampleSearchPage" time="5.2"/>
  <testcase classname="gov.nih.nci.TestSuiteProtocols" name="Test12CuratorUserShouldBeAbleToAddCompositionCriteriaWithFunctionAndTargetingFunctionFilterToTheAdvancedSampleSearch" time="3.398"/>
  <testcase classname="gov.nih.nci.TestSuiteProtocols" name="Test48EnsureResearcherUserAbleToViewAProtocolFromMyWorkspace" time="5.686"/>
  <testcase classname="gov.nih.nci.TestSuiteProtocols" name="Test22EnsureResearcherUserAbleToResetCompositionCriteriaFromAdvancedSampleSearchPage" time="4.496"/>
  <testcase classname="gov.nih.nci.TestSuiteProtocols" name="Test11CuratorUserShouldBeAbleToAddCompositionCriteriaWithFunctionAndImagingFunctionFilterToTheAdvancedSampleSearch" time="6.339"/>
  <testcase classname="gov.nih.nci.TestSuiteProtocols" name="Test33EnsureResearcherUserAbleToSearchWithInVivoCharacterizationFiltersFromAdvancedSearchPage" time="4.162"/>
  <testcase classname="gov.nih.nci.TestSuiteProtocols" name="Test46EnsureResearcherUserAbleToEditAProtocolFromMyWorkspace" time="4.899"/>
  <testcase classname="gov.nih.nci.TestSuiteProtocols" name="Test55EnsureCuratorUserAbleToAddAPublicationToTheFavoritesList" time="5.539"/>
  <testcase classname="gov.nih.nci.TestSuiteProtocols" name="Test28EnsureCuratorUserAbleToEditCharacterizationAdvnacedSearchQuery" time="5.381"/>
  <testcase classname="gov.nih.nci.TestSuiteProtocols" name="Test7CuratorUserShouldBeAbleToAddCompositionCriteriaWithNanomaterialEntityAndBiopolymerAndChemicalNameContainsFilterToTheAdvancedSampleSearch" time="5.21"/>
  <testcase classname="gov.nih.nci.TestSuiteProtocols" name="Test53EnsureCuratorUserAbleToAddASampleToTheFavoritesList" time="4.899"/>
  <testcase classname="gov.nih.nci.TestSuiteProtocols" name="Test17ResearcherUserShouldBeAbleToAddCompositionCriteriaWithNanomaterialEntityAndBiopolymerAndChemicalNameEqualsFilterToTheAdvancedSampleSearch" time="5.079"/>
  <testcase classname="gov.nih.nci.TestSuiteProtocols" name="Test47EnsureCuratorUserAbleToViewAProtocolFromMyWorkspace" time="5.09"/>
</testsuite>