<?xml version="1.0" encoding="UTF-8" ?>
<testsuite tests="51" failures="0" name="gov.nih.nci.TestSuiteC" time="212.464" errors="0" skipped="0">
  <properties>
[...]
</properties>
  <testcase classname="gov.nih.nci.TestSuiteC" name="Test34VerifyTheAbilityToSubmitANewProtocolsAsACurator" time="4.112"/>
  <testcase classname="gov.nih.nci.TestSuiteC" name="Test39verifyTheAbilityToSearchProtocolsAsACurator" time="3.165"/>
  <testcase classname="gov.nih.nci.TestSuiteC" name="Test41VerifySampleSubmitPage" time="3.012"/>
  <testcase classname="gov.nih.nci.TestSuiteC" name="Test16verifyResearcherUserCanViewMyProtocolsFromMyWorkspacePage" time="3.046"/>
  <testcase classname="gov.nih.nci.TestSuiteC" name="Test17VerifyCuratorUserCanEditMyProtocolsFromMyWorkspacePage" time="2.913"/>
  <testcase classname="gov.nih.nci.TestSuiteC" name="Test47curatorUserShouldBeAbleToPefromAdvancedSampleSearchBySampleCriteriaWithPointOfContactNameAndEqualsFilter" time="2.936"/>
  <testcase classname="gov.nih.nci.TestSuiteC" name="Test20verifyResearcherUserCanViewMyPublicationsFromMyWorkspacePage" time="3.042"/>
  <testcase classname="gov.nih.nci.TestSuiteC" name="Test50EnsureCuratorUserAbleToEditSampleCriteriaFromAdavancedSampleSearchPage" time="2.977"/>
  <testcase classname="gov.nih.nci.TestSuiteC" name="Test35VerifyTheAbilityToSubmitANewProtocolsAsAResearcher" time="2.99"/>
  <testcase classname="gov.nih.nci.TestSuiteC" name="Test44verifyTheAbilityToDeleteASampleCompositionNaomaterialEntityAsCurator" time="2.951"/>
  <testcase classname="gov.nih.nci.TestSuiteC" name="Test40verifyTheAbilityToSearchProtocolsAsACurator1" time="3.012"/>
  <testcase classname="gov.nih.nci.TestSuiteC" name="Test9verifyUserCanUncheckProtocolsFromMyWorkspace" time="2.883"/>
  <testcase classname="gov.nih.nci.TestSuiteC" name="Test48ensureCuratorUserAbleToResetSampleCriteriaFromAdavancedSampleSearchPage" time="3.439"/>
  <testcase classname="gov.nih.nci.TestSuiteC" name="Test29verifyThatAResearcherAbleToRemoveSampleFromPublicationForPublicationThatUserHaveDeleteAccess" time="4.263"/>
  <testcase classname="gov.nih.nci.TestSuiteC" name="Test27ensureStrutsHasBeenRemovedFromSearchForSamplesByPublicationPage" time="2.967"/>
  <testcase classname="gov.nih.nci.TestSuiteC" name="Test18VerifyReseracherUserCanEditMyProtocolsFromMyWorkspacePage" time="3.07"/>
  <testcase classname="gov.nih.nci.TestSuiteC" name="Test11verifyCuratorUserCanViewSamplesFromMyWorkspacePage" time="3.102"/>
  <testcase classname="gov.nih.nci.TestSuiteC" name="Test42curatorUserShouldBeAbleToAddSampleCriteriaWithSampleNameAndContainsFilterToTheAdvancedSampleSearch" time="4.73"/>
  <testcase classname="gov.nih.nci.TestSuiteC" name="Test26ensureStrutsHasBeenRemovedFromPublicationSubmissionPage" time="3.044"/>
  <testcase classname="gov.nih.nci.TestSuiteC" name="Test46curatorUserShouldBeAbleToPefromAdvancedSampleSearchBySampleCriteriaWithPointOfContactNameAndContainsFilter" time="2.962"/>
  <testcase classname="gov.nih.nci.TestSuiteC" name="Test2verifyManageCurationPageTitleExists" time="2.988"/>
  <testcase classname="gov.nih.nci.TestSuiteC" name="Test4verifyManageBatchDataAvailabilityLinkExists" time="4.353"/>
  <testcase classname="gov.nih.nci.TestSuiteC" name="Test25ensureStrutsHasBeenRemovedFromPublicationSearchPage" time="4.993"/>
  <testcase classname="gov.nih.nci.TestSuiteC" name="Test6verifyCuratorUserCanViewMyWorksapce" time="3.774"/>
  <testcase classname="gov.nih.nci.TestSuiteC" name="Test15verifyCuratorUserCanViewMyProtocolsFromMyWorkspacePage" time="5.663"/>
  <testcase classname="gov.nih.nci.TestSuiteC" name="Test49ensureCuratorUserAbleToRemoveSampleCriteriaFromAdavancedSampleSearchPage" time="4.356"/>
  <testcase classname="gov.nih.nci.TestSuiteC" name="Test13verifyResearcherUserCanViewSamplesFromMyWorkspacePage" time="5.189"/>
  <testcase classname="gov.nih.nci.TestSuiteC" name="Test1EnsureStrutsHasBeenRemovedFromManageBatchDataAvailabilityPage" time="5.076"/>
  <testcase classname="gov.nih.nci.TestSuiteC" name="Test7verifyResearcherUserCanViewMyWorksapce" time="4.689"/>
  <testcase classname="gov.nih.nci.TestSuiteC" name="Test30verifyThatAResearcherCanEditPublicationForPublicationThatUserHasUpdateOrEditAccess" time="5.243"/>
  <testcase classname="gov.nih.nci.TestSuiteC" name="Test28verifyThatACuratorCanRemoveSampleFromPublication" time="5.209"/>
  <testcase classname="gov.nih.nci.TestSuiteC" name="Test24ensureStrutsHasBeenRemovedFromManagePublicationPage" time="5.119"/>
  <testcase classname="gov.nih.nci.TestSuiteC" name="Test21verifyCuratorUserCanEditMyPublicationsFromMyWorkspacePage" time="5.484"/>
  <testcase classname="gov.nih.nci.TestSuiteC" name="Test8verifyUserCanUncheckSamplesFromMyWorkspace" time="5.046"/>
  <testcase classname="gov.nih.nci.TestSuiteC" name="Test37ensureStrutsHasBeenRemovedFromSubmitANewProtocolpage" time="3.761"/>
  <testcase classname="gov.nih.nci.TestSuiteC" name="Test19verifyCuratorUserCanViewMyPublicationsFromMyWorkspacePage" time="5.497"/>
  <testcase classname="gov.nih.nci.TestSuiteC" name="Test33VerifyTheAbilityToAddANewSampleAsAResearcher" time="5.058"/>
  <testcase classname="gov.nih.nci.TestSuiteC" name="Test3verifyReviewDataPendingReleaseToPublicLinkExists" time="3.126"/>
  <testcase classname="gov.nih.nci.TestSuiteC" name="Test22verifyResearcherUserCanEditMyPublicationsFromMyWorkspacePage" time="4.438"/>
  <testcase classname="gov.nih.nci.TestSuiteC" name="Test12verifyCuratorUserCanEditSamplesFromMyWorkspacePage" time="5.209"/>
  <testcase classname="gov.nih.nci.TestSuiteC" name="Test32VerifyTheAbilityToAddANewSampleAsACurator" time="4.512"/>
  <testcase classname="gov.nih.nci.TestSuiteC" name="Test23ensureUsercanViewSamplesProtocolsAndPublicationsAndUseBackButtonFromViewPage" time="5.622"/>
  <testcase classname="gov.nih.nci.TestSuiteC" name="Test51researcherUserShouldBeAbleToAddSampleCriteriaWithSampleNameAndContainsFilterToTheAdvancedSampleSearch" time="3.937"/>
  <testcase classname="gov.nih.nci.TestSuiteC" name="Test5verifyUserAbleToSubmitGenerateDataAvailabilityForAllSamplesSearch" time="5.614"/>
  <testcase classname="gov.nih.nci.TestSuiteC" name="Test10verifyUserCanUncheckPublicationsFromMyWorkspacePage" time="5.192"/>
  <testcase classname="gov.nih.nci.TestSuiteC" name="Test31verifyThatACuratorCanEditPublication" time="5.175"/>
  <testcase classname="gov.nih.nci.TestSuiteC" name="Test36ensureStrutsHasBeenRemovedFromManageProtocolPage" time="4.632"/>
  <testcase classname="gov.nih.nci.TestSuiteC" name="Test14verifyResearcherUserCanEditSamplesFromMyWorkspacePage" time="4.459"/>
  <testcase classname="gov.nih.nci.TestSuiteC" name="Test43curatorUserShouldBeAbleToAddSampleCriteriaWithSampleNameAndEqualsFilterToTheAdvancedSampleSearch" time="4.598"/>
  <testcase classname="gov.nih.nci.TestSuiteC" name="Test45verifyTheAbilityToDeleteASampleCompositionFunctionalizingEntityAsCurator" time="4.783"/>
  <testcase classname="gov.nih.nci.TestSuiteC" name="Test38ensureStrutsHasBeenRemovedFromSearchExistingProtocolsPage" time="5.053"/>
</testsuite>