<?xml version="1.0" encoding="UTF-8" ?>
<testsuite tests="51" failures="0" name="gov.nih.nci.TestSuiteProtocols" time="165.18" errors="0" skipped="0">
  <properties>
[...]
</properties>
  <testcase classname="gov.nih.nci.TestSuiteProtocols" name="Test16EnsureResearcherUserAbleToAddASampleToTheFavoritesListAndRemoveTheAddedSampleFromMyFavoritesPage" time="4.085"/>
  <testcase classname="gov.nih.nci.TestSuiteProtocols" name="Test33verifyUserAbleToSearchForPubliclyAvailableSamplesFromGoogleLikeSearchWhileUserLoggedInAsResearcher" time="3.119"/>
  <testcase classname="gov.nih.nci.TestSuiteProtocols" name="Test32verifyUserAbleToSearchForPubliclyAvailableSamplesFromGoogleLikeSearchWhileUserLoggedInAsCurator" time="3.694"/>
  <testcase classname="gov.nih.nci.TestSuiteProtocols" name="Test12EnsureresearcherUserAbleToAddAPublicationToTheFavoritesListAndViewTheAddedPublicationFromMyFavoritesPage" time="3.047"/>
  <testcase classname="gov.nih.nci.TestSuiteProtocols" name="Test50EnsureOnlyCuratorUserAbleToAddAGroupsToTheCollaborationGroups" time="3.052"/>
  <testcase classname="gov.nih.nci.TestSuiteProtocols" name="Test11ensureresearcherUserAbleToAddAProtocolToTheFavoritesListAndViewTheAddedProtocolFromMyFavoritesPage" time="3.187"/>
  <testcase classname="gov.nih.nci.TestSuiteProtocols" name="Test5ensureCuratorUserAbleToAddAProtocolToTheFavoritesListAndRemoveTheAddedProtocolFromMyFavoritesPage" time="2.951"/>
  <testcase classname="gov.nih.nci.TestSuiteProtocols" name="Test8EnsureresearcherUserAbleToAddAProtocolToTheFavoritesList" time="2.98"/>
  <testcase classname="gov.nih.nci.TestSuiteProtocols" name="Test6EnsureCuratorUserAbleToAddAPublicationToTheFavoritesListAndRemoveTheAddedPublicationFromMyFavoritesPage" time="2.908"/>
  <testcase classname="gov.nih.nci.TestSuiteProtocols" name="Test4EnsureCuratorUserAbleToAddASampleToTheFavoritesListAndRemoveTheAddedSampleFromMyFavoritesPage" time="2.93"/>
  <testcase classname="gov.nih.nci.TestSuiteProtocols" name="Test23EnsureUserShouldBeAbleToSubmitAPublicationAndAssociateACollaborationGroup" time="2.921"/>
  <testcase classname="gov.nih.nci.TestSuiteProtocols" name="Test2ensureCuratorUserAbleToAddAProtocolToTheFavoritesListAndEditTheAddedProtocolFromMyFavoritesPage" time="3.009"/>
  <testcase classname="gov.nih.nci.TestSuiteProtocols" name="Test45EnsureUserAbleToSortGoogleLikeSearchResultsByDescriptionWhenUserLoggerInAsCurator" time="2.979"/>
  <testcase classname="gov.nih.nci.TestSuiteProtocols" name="Test19EnsureCuratorUserAbleToSubmitASample" time="2.937"/>
  <testcase classname="gov.nih.nci.TestSuiteProtocols" name="Test42EnsureUserAbleToSortGoogleLikeSearchResultsByNameWhenUserLoggerInAsCurator" time="2.991"/>
  <testcase classname="gov.nih.nci.TestSuiteProtocols" name="Test34VerifyUserShouldNotBeAbleToSearchNonPubliclyAvailableSamplesFromGoogleLikeSearchWithoutLogin" time="2.927"/>
  <testcase classname="gov.nih.nci.TestSuiteProtocols" name="Test48EnsureUserAbleToSortGoogleLikeSearchResultsByCreatedDateWhenUserLoggerInAsReasercher" time="3.007"/>
  <testcase classname="gov.nih.nci.TestSuiteProtocols" name="Test14ensureResearcherUserAbleToAddAProtocolToTheFavoritesListAndEditTheAddedProtocolFromMyFavoritesPage" time="2.983"/>
  <testcase classname="gov.nih.nci.TestSuiteProtocols" name="Test46EnsureUserAbleToSortGoogleLikeSearchResultsByNameWhenUserLoggerInAsReasercher" time="2.936"/>
  <testcase classname="gov.nih.nci.TestSuiteProtocols" name="Test27ensureResearcherUserAbleToSubmitANanomaterialEntityToTheSample" time="3.026"/>
  <testcase classname="gov.nih.nci.TestSuiteProtocols" name="Test29ensureResearcherUserAbleToSubmitAChemicalAssociationToTheSample" time="2.999"/>
  <testcase classname="gov.nih.nci.TestSuiteProtocols" name="Test31verifyUserAbleToSearchForPubliclyAvailableSamplesFromGoogleLikeSearchWithoutLogin" time="2.902"/>
  <testcase classname="gov.nih.nci.TestSuiteProtocols" name="Test7EnsureresearcherUserAbleToAddASampleToTheFavoritesList" time="2.927"/>
  <testcase classname="gov.nih.nci.TestSuiteProtocols" name="Test20ensureCuratorUserAbleToSubmitANanomaterialEntityToTheSample" time="3.02"/>
  <testcase classname="gov.nih.nci.TestSuiteProtocols" name="Test37googleLikeSearchDoesNotReturnAnySearchResultsWhenUserSearchForInvalidSearchTerm" time="3.079"/>
  <testcase classname="gov.nih.nci.TestSuiteProtocols" name="Test13EnsureresearcherUserAbleToAddASampleToTheFavoritesListAndEditTheAddedSampleFromMyFavoritesPage" time="2.881"/>
  <testcase classname="gov.nih.nci.TestSuiteProtocols" name="Test36VerifyUserAbleToSearchForPubliclyAvailableSamplesFromGoogleLikeSearchWhileUserLoggedInAsResearcher" time="3.009"/>
  <testcase classname="gov.nih.nci.TestSuiteProtocols" name="Test21ensureCuratorUserAbleToSubmitAFunctionalizingEntityToTheSample" time="2.932"/>
  <testcase classname="gov.nih.nci.TestSuiteProtocols" name="Test49EnsureUserAbleToSortGoogleLikeSearchResultsByDescriptionWhenUserLoggerInAsReasercher" time="3"/>
  <testcase classname="gov.nih.nci.TestSuiteProtocols" name="Test47EnsureUserAbleToSortGoogleLikeSearchResultsByTypeWhenUserLoggerInAsReasercher" time="2.919"/>
  <testcase classname="gov.nih.nci.TestSuiteProtocols" name="Test25ensureCuratorUserAbleToSubmitACompositionFileToTheSample" time="2.963"/>
  <testcase classname="gov.nih.nci.TestSuiteProtocols" name="Test24ensureCuratorUserAbleToSubmitAChemicalAssociationToTheSample" time="2.933"/>
  <testcase classname="gov.nih.nci.TestSuiteProtocols" name="Test17ensureResearcherUserAbleToAddAProtocolToTheFavoritesListAndRemoveTheAddedProtocolFromMyFavoritesPage" time="2.902"/>
  <testcase classname="gov.nih.nci.TestSuiteProtocols" name="Test35VerifyUserAbleToSearchForPubliclyAvailableSamplesFromGoogleLikeSearchWhileUserLoggedInAsCurator" time="3.006"/>
  <testcase classname="gov.nih.nci.TestSuiteProtocols" name="Test43EnsureUserAbleToSortGoogleLikeSearchResultsByTypeWhenUserLoggerInAsCurator" time="2.887"/>
  <testcase classname="gov.nih.nci.TestSuiteProtocols" name="Test10EnsureresearcherUserAbleToAddASampleToTheFavoritesListAndViewTheAddedSampleFromMyFavoritesPage" time="2.91"/>
  <testcase classname="gov.nih.nci.TestSuiteProtocols" name="Test30ensureResearcherUserAbleToSubmitACompositionFileToTheSample" time="3.054"/>
  <testcase classname="gov.nih.nci.TestSuiteProtocols" name="Test28ensureResearcherUserAbleToSubmitAFunctionalizingEntityToTheSample" time="2.959"/>
  <testcase classname="gov.nih.nci.TestSuiteProtocols" name="Test39EnsureUserAbleToSortGoogleLikeSearchResultsByType" time="5.889"/>
  <testcase classname="gov.nih.nci.TestSuiteProtocols" name="Test41EnsureUserAbleToSortGoogleLikeSearchResultsByDescription" time="5.942"/>
  <testcase classname="gov.nih.nci.TestSuiteProtocols" name="Test22EnsureUserShouldBeAbleToSubmitAProtocolAndAssociateACollaborationGroup" time="3.031"/>
  <testcase classname="gov.nih.nci.TestSuiteProtocols" name="Test3EnsureCuratorUserAbleToAddAPublicationToTheFavoritesListAndEditTheAddedPublicationFromMyFavoritesPage" time="2.886"/>
  <testcase classname="gov.nih.nci.TestSuiteProtocols" name="Test38EnsureUserAbleToSortGoogleLikeSearchResultsByName" time="5.946"/>
  <testcase classname="gov.nih.nci.TestSuiteProtocols" name="Test9EnsureresearcherUserAbleToAddAPublicationToTheFavoritesList" time="2.941"/>
  <testcase classname="gov.nih.nci.TestSuiteProtocols" name="Test1EnsureCuratorUserAbleToAddASampleToTheFavoritesListAndEditTheAddedSampleFromMyFavoritesPage" time="2.975"/>
  <testcase classname="gov.nih.nci.TestSuiteProtocols" name="Test26EnsureResearcherUserAbleToSubmitASample" time="2.9"/>
  <testcase classname="gov.nih.nci.TestSuiteProtocols" name="Test51EnsureUserShouldBeAbleToSubmitASampleAndAssociateACollaborationGroup" time="2.9"/>
  <testcase classname="gov.nih.nci.TestSuiteProtocols" name="Test15EnsureresearcherUserAbleToAddAPublicationToTheFavoritesListAndEditTheAddedPublicationFromMyFavoritesPage" time="2.9"/>
  <testcase classname="gov.nih.nci.TestSuiteProtocols" name="Test18EnsureResearcherUserAbleToAddAPublicationToTheFavoritesListAndRemoveTheAddedPublicationFromMyFavoritesPage" time="2.923"/>
  <testcase classname="gov.nih.nci.TestSuiteProtocols" name="Test40EnsureUserAbleToSortGoogleLikeSearchResultsByCreatedDate" time="5.927"/>
  <testcase classname="gov.nih.nci.TestSuiteProtocols" name="Test44EnsureUserAbleToSortGoogleLikeSearchResultsByCreatedDateWhenUserLoggerInAsCurator" time="3.069"/>
</testsuite>