<?xml version="1.0" encoding="UTF-8" ?>
<testsuite tests="37" failures="0" name="gov.nih.nci.FunctionalSmokeTest" time="862.223" errors="0" skipped="0">
  <properties>
[...]
</properties>
  <testcase classname="gov.nih.nci.FunctionalSmokeTest" name="Test23verifyAdditionalNCILinks_NanoHubs" time="14.686"/>
  <testcase classname="gov.nih.nci.FunctionalSmokeTest" name="Test25verifyAdditionalExternalLinks_NBI" time="15.372"/>
  <testcase classname="gov.nih.nci.FunctionalSmokeTest" name="Test26verifyAdditionalExternalLinks_NIOSHNIL" time="13.934"/>
  <testcase classname="gov.nih.nci.FunctionalSmokeTest" name="Test33loginSplashScreenTextVerification" time="2.944"/>
  <testcase classname="gov.nih.nci.FunctionalSmokeTest" name="Test3invalidPasswordTest" time="3.005"/>
  <testcase classname="gov.nih.nci.FunctionalSmokeTest" name="Test22verifyAdditionalNCILinks_NanotechnologyWorkingGroup" time="2.919"/>
  <testcase classname="gov.nih.nci.FunctionalSmokeTest" name="Test4SamplesSearchByKeyword" time="12.037"/>
  <testcase classname="gov.nih.nci.FunctionalSmokeTest" name="Test8verifyWhatsNewSectionContent_downloadLink" time="13.933"/>
  <testcase classname="gov.nih.nci.FunctionalSmokeTest" name="Test18verifyAdditionalNCILinks_NCICBIITHome" time="16.485"/>
  <testcase classname="gov.nih.nci.FunctionalSmokeTest" name="Test35SamplesContainsSearchBySampleName" time="6.933"/>
  <testcase classname="gov.nih.nci.FunctionalSmokeTest" name="Test21verifyAdditionalNCILinks_NCIHome" time="18.43"/>
  <testcase classname="gov.nih.nci.FunctionalSmokeTest" name="Test27verifyAdditionalExternalLinks_InterNano" time="2.926"/>
  <testcase classname="gov.nih.nci.FunctionalSmokeTest" name="Test11verifyOptions_BrowsePublicallyAvailabledata" time="3.888"/>
  <testcase classname="gov.nih.nci.FunctionalSmokeTest" name="Test15verifyHelpPage" time="13.632"/>
  <testcase classname="gov.nih.nci.FunctionalSmokeTest" name="Test30verifyAdditionalExternalLinks_8" time="2.955"/>
  <testcase classname="gov.nih.nci.FunctionalSmokeTest" name="Test6verifycaNanoLabHowToSectionContent" time="23.119"/>
  <testcase classname="gov.nih.nci.FunctionalSmokeTest" name="Test13verifyOptions_RegisterForLoginAccount" time="5.427"/>
  <testcase classname="gov.nih.nci.FunctionalSmokeTest" name="Test34verifyUserSessionIsLostWhenBrowserWindowIsClosed" time="2.855"/>
  <testcase classname="gov.nih.nci.FunctionalSmokeTest" name="Test24verifyAdditionalExternalLinks_Disclaimer" time="14.485"/>
  <testcase classname="gov.nih.nci.FunctionalSmokeTest" name="Test28verifyAdditionalExternalLinks_nanoHUB" time="17.44"/>
  <testcase classname="gov.nih.nci.FunctionalSmokeTest" name="Test37EnsureUserAbleToSortGoogleLikeSearchResultsByCreatedDateWhenUserLoggerInAsReasercher" time="4.01"/>
  <testcase classname="gov.nih.nci.FunctionalSmokeTest" name="Test9verifyWhatsNewSectionContent_releaseNotesLink" time="14.844"/>
  <testcase classname="gov.nih.nci.FunctionalSmokeTest" name="Test7verifyBrowseCaNanoLabSectionContent" time="188.79"/>
  <testcase classname="gov.nih.nci.FunctionalSmokeTest" name="Test36verifyPublicationSearchBySampleNameContains" time="318.816"/>
  <testcase classname="gov.nih.nci.FunctionalSmokeTest" name="Test2curatorLoginTest" time="3.025"/>
  <testcase classname="gov.nih.nci.FunctionalSmokeTest" name="Test12verifyOptions_LoginToSubmitData" time="5.37"/>
  <testcase classname="gov.nih.nci.FunctionalSmokeTest" name="Test10verifyHomePageWelcomeContent" time="5.435"/>
  <testcase classname="gov.nih.nci.FunctionalSmokeTest" name="Test5CreateNewSample" time="12.435"/>
  <testcase classname="gov.nih.nci.FunctionalSmokeTest" name="Test31verifyAdditionalExternalLinks_eNanoMapper" time="15.652"/>
  <testcase classname="gov.nih.nci.FunctionalSmokeTest" name="Test17verifyAdditionalNCILinks_caNanoLabWiki" time="14.831"/>
  <testcase classname="gov.nih.nci.FunctionalSmokeTest" name="Test38EnsureUserAbleToSortGoogleLikeSearchResultsByDescriptionWhenUserLoggerInAsReasercher" time="2.914"/>
  <testcase classname="gov.nih.nci.FunctionalSmokeTest" name="Test14verifyFeatureSectionContent" time="5.575"/>
  <testcase classname="gov.nih.nci.FunctionalSmokeTest" name="Test29verifyAdditionalExternalLinks_SAFENANO" time="15.027"/>
  <testcase classname="gov.nih.nci.FunctionalSmokeTest" name="Test16verifyContextSensitiveHelpPage" time="23.743"/>
  <testcase classname="gov.nih.nci.FunctionalSmokeTest" name="Test1researcherLoginTest" time="2.892"/>
  <testcase classname="gov.nih.nci.FunctionalSmokeTest" name="Test19verifyAdditionalNCILinks_NCLHome" time="15.492"/>
  <testcase classname="gov.nih.nci.FunctionalSmokeTest" name="Test32verifyAdditionalExternalLinks_NanomaterialRegsitry" time="5.967"/>
</testsuite>