<?xml version="1.0" encoding="UTF-8" ?>
<testsuite tests="51" failures="0" name="gov.nih.nci.TestSuiteProtocols" time="251.155" errors="0" skipped="0">
  <properties>
[...]
</properties>
  <testcase classname="gov.nih.nci.TestSuiteProtocols" name="Test42VerifyTheAbilityToSearchProtocolsAsACurator1" time="6.126"/>
  <testcase classname="gov.nih.nci.TestSuiteProtocols" name="Test16verifyResearcherUserCanViewMyProtocolsFromMyWorkspacePage" time="5.137"/>
  <testcase classname="gov.nih.nci.TestSuiteProtocols" name="Test17VerifyCuratorUserCanEditMyProtocolsFromMyWorkspacePage" time="4.597"/>
  <testcase classname="gov.nih.nci.TestSuiteProtocols" name="Test20verifyResearcherUserCanViewMyPublicationsFromMyWorkspacePage" time="4.359"/>
  <testcase classname="gov.nih.nci.TestSuiteProtocols" name="Test50EnsureCuratorUserAbleToEditSampleCriteriaFromAdavancedSampleSearchPage" time="8.086"/>
  <testcase classname="gov.nih.nci.TestSuiteProtocols" name="Test34VerifyTheAbilityToAddASampleCompositionNaomaterialEntityAsCurator" time="4.794"/>
  <testcase classname="gov.nih.nci.TestSuiteProtocols" name="Test39EnsureStrutsHasBeenRemovedFromSubmitANewProtocolpage" time="5.141"/>
  <testcase classname="gov.nih.nci.TestSuiteProtocols" name="Test35VerifyTheAbilityToAddASampleCompositionFunctionalizingEntityAsCurator" time="5.129"/>
  <testcase classname="gov.nih.nci.TestSuiteProtocols" name="Test9verifyUserCanUncheckProtocolsFromMyWorkspace" time="6.09"/>
  <testcase classname="gov.nih.nci.TestSuiteProtocols" name="Test29verifyThatAResearcherAbleToRemoveSampleFromPublicationForPublicationThatUserHaveDeleteAccess" time="4.436"/>
  <testcase classname="gov.nih.nci.TestSuiteProtocols" name="Test27ensureStrutsHasBeenRemovedFromSearchForSamplesByPublicationPage" time="5.567"/>
  <testcase classname="gov.nih.nci.TestSuiteProtocols" name="Test18VerifyReseracherUserCanEditMyProtocolsFromMyWorkspacePage" time="7.831"/>
  <testcase classname="gov.nih.nci.TestSuiteProtocols" name="Test45CuratorUserShouldBeAbleToAddSampleCriteriaWithSampleNameAndEqualsFilterToTheAdvancedSampleSearch" time="3.578"/>
  <testcase classname="gov.nih.nci.TestSuiteProtocols" name="Test11verifyCuratorUserCanViewSamplesFromMyWorkspacePage" time="5.38"/>
  <testcase classname="gov.nih.nci.TestSuiteProtocols" name="Test49EnsureCuratorUserAbleToRemoveSampleCriteriaFromAdavancedSampleSearchPage" time="4.407"/>
  <testcase classname="gov.nih.nci.TestSuiteProtocols" name="Test26ensureStrutsHasBeenRemovedFromPublicationSubmissionPage" time="5.454"/>
  <testcase classname="gov.nih.nci.TestSuiteProtocols" name="Test2verifyManageCurationPageTitleExists" time="4.684"/>
  <testcase classname="gov.nih.nci.TestSuiteProtocols" name="Test36VerifyTheAbilityToSubmitANewProtocolsAsACurator" time="4.199"/>
  <testcase classname="gov.nih.nci.TestSuiteProtocols" name="Test4verifyManageBatchDataAvailabilityLinkExists" time="3.881"/>
  <testcase classname="gov.nih.nci.TestSuiteProtocols" name="Test25ensureStrutsHasBeenRemovedFromPublicationSearchPage" time="4.971"/>
  <testcase classname="gov.nih.nci.TestSuiteProtocols" name="Test43VerifySampleSubmitPage" time="4.759"/>
  <testcase classname="gov.nih.nci.TestSuiteProtocols" name="Test6verifyCuratorUserCanViewMyWorksapce" time="4.384"/>
  <testcase classname="gov.nih.nci.TestSuiteProtocols" name="Test15verifyCuratorUserCanViewMyProtocolsFromMyWorkspacePage" time="5.633"/>
  <testcase classname="gov.nih.nci.TestSuiteProtocols" name="Test37VerifyTheAbilityToSubmitANewProtocolsAsAResearcher" time="4.681"/>
  <testcase classname="gov.nih.nci.TestSuiteProtocols" name="Test13verifyResearcherUserCanViewSamplesFromMyWorkspacePage" time="4.717"/>
  <testcase classname="gov.nih.nci.TestSuiteProtocols" name="Test44CuratorUserShouldBeAbleToAddSampleCriteriaWithSampleNameAndContainsFilterToTheAdvancedSampleSearch" time="4.9"/>
  <testcase classname="gov.nih.nci.TestSuiteProtocols" name="Test7verifyResearcherUserCanViewMyWorksapce" time="5.26"/>
  <testcase classname="gov.nih.nci.TestSuiteProtocols" name="Test30verifyThatAResearcherCanEditPublicationForPublicationThatUserHasUpdateOrEditAccess" time="4.649"/>
  <testcase classname="gov.nih.nci.TestSuiteProtocols" name="Test28verifyThatACuratorCanRemoveSampleFromPublication" time="5.671"/>
  <testcase classname="gov.nih.nci.TestSuiteProtocols" name="Test24ensureStrutsHasBeenRemovedFromManagePublicationPage" time="4.125"/>
  <testcase classname="gov.nih.nci.TestSuiteProtocols" name="Test46CuratorUserShouldBeAbleToPefromAdvancedSampleSearchBySampleCriteriaWithPointOfContactNameAndContainsFilter" time="5.248"/>
  <testcase classname="gov.nih.nci.TestSuiteProtocols" name="Test38EnsureStrutsHasBeenRemovedFromManageProtocolPage" time="4.934"/>
  <testcase classname="gov.nih.nci.TestSuiteProtocols" name="Test21verifyCuratorUserCanEditMyPublicationsFromMyWorkspacePage" time="4.644"/>
  <testcase classname="gov.nih.nci.TestSuiteProtocols" name="Test8verifyUserCanUncheckSamplesFromMyWorkspace" time="5.104"/>
  <testcase classname="gov.nih.nci.TestSuiteProtocols" name="Test51ResearcherUserShouldBeAbleToAddSampleCriteriaWithSampleNameAndContainsFilterToTheAdvancedSampleSearch" time="4.712"/>
  <testcase classname="gov.nih.nci.TestSuiteProtocols" name="Test19verifyCuratorUserCanViewMyPublicationsFromMyWorkspacePage" time="5.128"/>
  <testcase classname="gov.nih.nci.TestSuiteProtocols" name="Test33VerifyTheAbilityToAddANewSampleAsAResearcher" time="5.096"/>
  <testcase classname="gov.nih.nci.TestSuiteProtocols" name="Test48EnsureCuratorUserAbleToResetSampleCriteriaFromAdavancedSampleSearchPage" time="4.867"/>
  <testcase classname="gov.nih.nci.TestSuiteProtocols" name="Test3verifyReviewDataPendingReleaseToPublicLinkExists" time="4.395"/>
  <testcase classname="gov.nih.nci.TestSuiteProtocols" name="Test22verifyResearcherUserCanEditMyPublicationsFromMyWorkspacePage" time="4.848"/>
  <testcase classname="gov.nih.nci.TestSuiteProtocols" name="Test12verifyCuratorUserCanEditSamplesFromMyWorkspacePage" time="3.991"/>
  <testcase classname="gov.nih.nci.TestSuiteProtocols" name="Test47CuratorUserShouldBeAbleToPefromAdvancedSampleSearchBySampleCriteriaWithPointOfContactNameAndEqualsFilter" time="4.324"/>
  <testcase classname="gov.nih.nci.TestSuiteProtocols" name="Test41VerifyTheAbilityToSearchProtocolsAsACurator" time="4.494"/>
  <testcase classname="gov.nih.nci.TestSuiteProtocols" name="Test32VerifyTheAbilityToAddANewSampleAsACurator" time="4.797"/>
  <testcase classname="gov.nih.nci.TestSuiteProtocols" name="Test23ensureUsercanViewSamplesProtocolsAndPublicationsAndUseBackButtonFromViewPage" time="4.222"/>
  <testcase classname="gov.nih.nci.TestSuiteProtocols" name="Test5verifyUserAbleToSubmitGenerateDataAvailabilityForAllSamplesSearch" time="4.081"/>
  <testcase classname="gov.nih.nci.TestSuiteProtocols" name="Test10verifyUserCanUncheckPublicationsFromMyWorkspacePage" time="5.125"/>
  <testcase classname="gov.nih.nci.TestSuiteProtocols" name="Test31verifyThatACuratorCanEditPublication" time="5.094"/>
  <testcase classname="gov.nih.nci.TestSuiteProtocols" name="Test40EnsureStrutsHasBeenRemovedFromSearchExistingProtocolsPage" time="3.945"/>
  <testcase classname="gov.nih.nci.TestSuiteProtocols" name="Test14verifyResearcherUserCanEditSamplesFromMyWorkspacePage" time="4.493"/>
  <testcase classname="gov.nih.nci.TestSuiteProtocols" name="Test1ensureStrutsHasBeenRemovedFromManageBatchDataAvailabilityPage" time="4.987"/>
</testsuite>